<?xml version="1.0" encoding="UTF-8"?>
<testsuite xmlns:xsi="http://www.w3.org/2001/XMLSchema-instance" xsi:noNamespaceSchemaLocation="https://maven.apache.org/surefire/maven-surefire-plugin/xsd/surefire-test-report.xsd" version="3.0.2" name="com.example.demo.serviceTest.TaskServiceTest" time="1.114" tests="7" errors="0" skipped="0" failures="0">
  <properties>
[...]
</properties>
  <testcase name="testSaveTask" classname="com.example.demo.serviceTest.TaskServiceTest" time="1.04">
    <system-err><![CDATA[WARNING: A Java agent has been loaded dynamically (/home/gabriel/.m2/repository/net/bytebuddy/byte-buddy-agent/1.14.19/byte-buddy-agent-1.14.19.jar)
WARNING: If a serviceability tool is in use, please run with -XX:+EnableDynamicAgentLoading to hide this warning
WARNING: If a serviceability tool is not in use, please run with -Djdk.instrument.traceUsage for more information
WARNING: Dynamic loading of agents will be disallowed by default in a future release
]]></system-err>
  </testcase>
  <testcase name="testGetTaskByIdNotFound" classname="com.example.demo.serviceTest.TaskServiceTest" time="0.011"/>
  <testcase name="testFindByCategory" classname="com.example.demo.serviceTest.TaskServiceTest" time="0.006"/>
  <testcase name="testCreateTask" classname="com.example.demo.serviceTest.TaskServiceTest" time="0.005"/>
  <testcase name="testFindTaskById" classname="com.example.demo.serviceTest.TaskServiceTest" time="0.004"/>
  <testcase name="testGetTaskById" classname="com.example.demo.serviceTest.TaskServiceTest" time="0.003"/>
  <testcase name="testDeleteTask" classname="com.example.demo.serviceTest.TaskServiceTest" time="0.003"/>
</testsuite>